-1.4592255792752793
-0.16235981297132526
-0.15876961088222347
-0.1423716112209768
-0.20229287209122657
-0.19867225397147692
-0.18204694055561604
-0.23592448245078548
-0.23237797120417703
-0.21674460168779894
-0.2613102693283225
-0.2585174390613693
-0.24880843877231645
-0.27934531081880565
-0.2779620376098269
-0.2717152205748489
-0.2924543958084221
-0.29044743177598087
-0.28417525876566235
-0.2978723782946873
-0.29558500606684157
-0.28994581744833686
-0.3002320787183997
-0.29870061259147646
-0.29012784431710686
-0.1265427823349854
-0.1300486034115057
-0.138734101674567
-0.13500181157047392
-0.13871229535602556
-0.14800364314020684
-0.14410932230624796
-0.14804048468575856
-0.15636961819299983
-0.15402256312370394
-0.15778382481121053
-0.16487247110576597
-0.1640373944999555
-0.1671049078239191
-0.1738944498384046
-0.17520951655103956
-0.17747770759888634
-0.18305111459397666
-0.1850171135068329
-0.18662516680983504
-0.19282961424234174
-0.19360699216342364
-0.19610590012798035
-0.20257514575092253
-0.20000701011537017
-0.20145364556749315
-0.20798763033118645
-0.20381716866858568
-0.20601368839010634
-0.21168085599323003
-0.20260866574763156
-0.2033151168549366
-0.2069001326236829
-0.19252512871101282
-0.193739859619576
-0.19694450409605713
-0.1741423973405658
-0.17555785126233947
-0.1801608352978958
-0.14683270360190417
-0.14897423815034
-0.1510160379373287
-0.1879992399007897
-0.18486938166907663
-0.17939977272220434
-0.2239205152144402
-0.21854475665312514
-0.21161883144679117
-0.254020917371676
-0.24843543980689686
-0.2444098372890346
-0.2752772018982554
-0.2710017391607237
-0.2732200970016803
-0.2913096097189686
-0.288767302880343
-0.29443418909603214
-0.30115939142956516
-0.3011063545936623
-0.30840069317752855
-0.31090674399029294
-0.3114794483985901
-0.3201594675490877
-0.31678490626421657
-0.3196590564872528
-0.32915153421075277
-0.32270180343393745
-0.32645418440352403
-0.3352433817497346
-0.32710821377960886
-0.331116184624793
-0.3400147060459481
-0.3292278016649038
-0.3343923241209259
-0.3427769529859719
-0.33059777010052177
-0.3355679864330198
-0.34274083663546445
-0.3313093118162664
-0.33490857590744416
-0.34168274187783787
-0.33008139334758285
-0.3326100736998972
-0.3389746129255773
-0.326751822035744
-0.3301992078285028
-0.33716013350226676
-0.3199310718071974
-0.32381841926388283
-0.33125763961051713
-0.30994435771317086
-0.3138795713833816
-0.3217255852011204
-0.29711827036869637
-0.3001426441951643
-0.3061607398621974
-0.2753935020304375
-0.27786822049024723
-0.28478202149280224
-0.247661659908693
-0.25100164713343215
-0.2587838849903489
-0.21184797562478389
-0.21590755815498094
-0.22198665585209265
-0.19582068165433342
-0.19184872566661432
-0.1840236559567949
-0.23765721831334885
-0.23193776872163308
-0.2219989469409976
-0.2714490525853274
-0.2658563598200635
-0.25614330424237913
-0.29583715420088774
-0.291416707588265
-0.2879729200449016
-0.3145869595388497
-0.3114377388419491
-0.3106756013681994
-0.3274613904477425
-0.32476342052964435
-0.32428037526607184
-0.335780310481835
-0.33475580585582926
-0.3341256156203241
-0.3422871562120732
-0.34215003680926365
-0.34035663801510446
-0.3485283082591864
-0.3470398511576882
-0.34756209181663095
-0.3530862642433587
-0.351705686305616
-0.35324376996455337
-0.3536567423295966
-0.35242035244097086
-0.35559622834732313
-0.35361801728140957
-0.35263269409850506
-0.3556647730010345
-0.3533202097820665
-0.3521647260302683
-0.35536676725074196
-0.3515480821514495
-0.3505039343378117
-0.35449730823704884
-0.34834059859359934
-0.347781788470896
-0.3532925982305533
-0.34347524739499025
-0.34349593086723224
-0.35111434605380604
-0.33352546147212814
-0.33456246495315506
-0.3453427332971346
-0.3194524982786248
-0.3216571325170496
-0.33522398032053347
-0.3040063311973266
-0.3033055756799813
-0.31831124905778524
-0.2822826003007291
-0.28373699583472706
-0.2969112675065773
-0.2565993084236489
-0.2603816585537166
-0.27502703361515085
-0.3836771853776855
-0.38408904136178385
-0.37614437463431477
-0.37847381857838047
-0.37955220355006725
-0.3711360754669144
-0.3743521882298133
-0.3753155117866569
-0.3660012160136881
-0.36966350212494314
-0.3705596783828986
-0.3614568682784471
-0.36477053003457643
-0.36594526308636977
-0.357956529831311
-0.36008630090020305
-0.36055386268051226
-0.3540322162594849
-0.3539870746746627
-0.35472697200788006
-0.3493546525399578
-0.3476286709304761
-0.3483837733518661
-0.3442970800446117
-0.14727672131034203
-0.14539299823044285
-0.1461545715006011
-0.15620849274263512
-0.15354113581847628
-0.15424252446931816
-0.16551027975586655
-0.1625967566390607
-0.16253582882179796
-0.1750535493099926
-0.1719765818321704
-0.17099883775815322
-0.1859827851345289
-0.18219853884130646
-0.18101326287529215
-0.19720706285740416
-0.1941619785186915
-0.19258044255648668
-0.20845693270040022
-0.20568043580214196
-0.20423467068672102
-0.2210797198388981
-0.21872690185518232
-0.2164141913674581
-0.23269021407156046
-0.23127130620682995
-0.2277185106040859
-0.24514981591452126
-0.24395335457537173
-0.2404107152200608
-0.25754533912526356
-0.25707132364911744
-0.25228331082380656
-0.26875626853402335
-0.2689581986210773
-0.26354292360139414
-0.2785602907746736
-0.27909903843634604
-0.27380148892115874
-0.2878381969406193
-0.2883816027826491
-0.28322605118358113
-0.29607549812492523
-0.29670210426275473
-0.29076370012640035
-0.30323334449314
-0.30433503673050943
-0.2978469907604771
-0.31232441795133536
-0.31275184110697174
-0.3069948149074537
-0.3200791465712743
-0.3203323507784671
-0.3160192005614532
-0.3269127270248057
-0.327102239700077
-0.32453231138869837
-0.33297988650643234
-0.3330087419861016
-0.3319189040818569
-0.33901937772891894
-0.33881902078513576
-0.33977381563429465
-0.3439336723136735
-0.3434715648761808
-0.3468314575497239
-0.3478783080086782
-0.34787346474459174
-0.3522337496499787
-0.35134636945428527
-0.3516420247846254
-0.35682284576955065
-0.3533393487394802
-0.3548578810680471
-0.3604870271261923
-0.3546145247188635
-0.35690148871255295
-0.361800045094351
-0.3562109957239542
-0.35774785375934315
-0.3629012537452756
-0.3571134985926148
-0.35858420550138814
-0.36298132690818524
-0.3581113754397871
-0.3596629712735641
-0.3628580933144721
-0.3581098539663576
-0.35995316686852796
-0.3629292079312135
-0.3575041327117421
-0.35994303138615186
-0.36114105461575163
-0.35794719179013706
-0.3601038628971249
-0.360070495308175
-0.3576508079485981
-0.35930475090278924
-0.35927678544461483
-0.35763350102408537
-0.36017174096176546
-0.3573881557652441
-0.35902030830804765
-0.3602961138757529
-0.35640782830326634
-0.3597948952959801
-0.360637112340163
-0.3558138756530267
-0.36195309993120045
-0.36217928407249256
-0.35571449023611196
-0.363933034298498
-0.3635314227146637
-0.35687599114558105
-0.3664802340892277
-0.3658168738682421
-0.3584830488532009
-0.36875250140375454
-0.3676369551484482
-0.3617160672941826
-0.3710058617934132
-0.3690837569751505
-0.3645161967092175
-0.3726475281480925
-0.37142180717241274
-0.3671317532590047
-0.37373117287462626
-0.37273745993846186
-0.36937448045305116
-0.3752126868095998
-0.3740685027749763
-0.37047204574287723
-0.37641345326477216
-0.3759196021913704
-0.3732855694389272
-0.3774140915479952
-0.37693973373472683
-0.3732680004011857
-0.378335451125455
-0.3778417756792804
-0.37433037855813367
-0.37866815923271924
-0.3781321551934722
-0.373174689085225
-0.3781257263992545
-0.37800226115830227
-0.3722956967535087
-0.3768346251498239
-0.37703517232999856
-0.3708092333008848
-0.37552750425024656
-0.3760603430032586
-0.36866972435203477
-0.37360965999756035
-0.3739519935077814
-0.36612499041457636
-0.3697870083050049
-0.37072688186596403
-0.36361238801172574
-0.3706308286832445
-0.36938243140979926
-0.36059589756626453
-0.371206016136891
-0.37082792575461404
-0.359332765325567
-0.3747914194308522
-0.3751883015135723
-0.36671024200333013
-0.23376092909721344
-0.23165439156660447
-0.22368260214390492
-0.2508532872007439
-0.2489646960625856
-0.239457124045999
-0.2680080782088004
-0.26547807059299433
-0.2560423229934381
-0.28313664625346235
-0.2797656907227052
-0.2704305119099325
-0.29706543081514614
-0.2937366386524032
-0.2849938101319545
-0.31196685766833865
-0.3079869893198705
-0.29892544279014077
-0.32443488415465843
-0.32035861282869377
-0.3123925291840005
-0.3360108980974952
-0.33258277735555414
-0.326054204787714
-0.3467032336663213
-0.34326105895705633
-0.33879817739200085
-0.3561535278382034
-0.35314865393619166
-0.35178258511694666
-0.3649203384664507
-0.36268428909343164
-0.36250579260654425
-0.37361434397632737
-0.3711265957974426
-0.37227247456924795
-0.3803559062492105
-0.3790842485744707
-0.38217299625535966
-0.3876068235511259
-0.38648568321554805
-0.3893903697541715
-0.39424498705790634
-0.3929035844373495
-0.39457051980356006
-0.3992873016388863
-0.3984343758984831
-0.4014165315405637
-0.4036796686365642
-0.4030198484527265
-0.4050471870272543
-0.40739765807135125
-0.40696835889335836
-0.4083104149115718
-0.4108232862864382
-0.4108620479810414
-0.4140271103166348
-0.41444083242467145
-0.4148693986728005
-0.41694089507075893
-0.4175988475791291
-0.418377006418488
-0.419769935029146
-0.41987282990003116
-0.421237913041698
-0.42200302857108624
-0.42253245941670436
-0.42367273755902535
-0.4246103669755031
-0.42502111792206604
-0.4259220003713957
-0.42673152474719966
-0.426773326884529
-0.42773244408749883
-0.4291687267643393
-0.4287904323936801
-0.42928917645807396
-0.4312693257809033
-0.4306010431192513
-0.4309581067344983
-0.43207192105900516
-0.43215912441940557
-0.43193510111718914
-0.43272921940295367
-0.43215522381686566
-0.43236053836397126
-0.432894597833275
-0.4329832265320407
-0.4332920023030433
-0.4329386520866658
-0.43223419882604025
-0.43285374131933424
-0.43369692897730683
-0.43159599039885926
-0.43305272098352665
-0.43406096156677965
-0.4328477592752795
-0.43365942679385355
-0.4343116641693671
-0.43231854916927814
-0.4335975259144811
-0.43517875080596546
-0.4315790476841156
-0.43249894186414767
-0.43354206746262275
-0.4319657290904743
-0.43381245751800634
-0.4327742915423114
-0.43112911538725346
-0.43354485730491066
-0.4339654326372009
-0.4316576725416777
-0.4328435659381416
-0.4326258217320223
-0.43105487618875105
-0.43283909638353507
-0.4322524828105762
-0.4310772442870945
-0.4317970199873236
-0.43113265722755006
-0.42930261118036
-0.4308893194331241
-0.4295678869480744
-0.4290547241902513
-0.4304959133648484
-0.4302505120218928
-0.4289966070950106
-0.4322845940199343
-0.4297762247085841
-0.42790239072236397
-0.42988131801080537
-0.42864024113431576
-0.42849684883118216
-0.42876088410976715
-0.4273016706327651
-0.42582347490867517
-0.4277113597600435
-0.42542560069536034
-0.4236565928664109
-0.424775357344852
-0.42403120126529237
-0.41975763607286865
-0.42274932238589635
-0.42289916776671077
-0.4172413299270472
-0.4190452968795101
-0.4217725271041885
-0.4146386826227412
-0.41501800113967746
-0.41840400278964734
-0.41158291379639617
-0.4119592916077634
-0.4143528645209173
-0.4066851745746946
-0.4073673249015105
-0.4122366970987019
-0.4006866760319292
-0.4010566936105491
-0.4058846479313963
-0.3953838190789223
-0.3949495679838881
-0.3997147143859912
-0.3869910553519358
-0.3876498676825973
-0.3934200769918621
-0.37850249844236405
-0.37786108076689984
-0.3854228493971386
-0.36939829267126373
-0.3685816187760673
-0.37619466520767464
-0.35813160837054736
-0.3586022077452338
-0.3660468270393564
-0.3467648256673794
-0.34649756350587024
-0.35558089973138696
-0.33514136875503203
-0.3348028074291256
-0.3444539466993765
-0.3214840618504116
-0.3216412731092296
-0.33160419681373754
-0.30748632536458836
-0.30815620955634554
-0.3175620016200949
-0.29228828267480667
-0.2928622397374324
-0.302588548755103
-0.27604837787205005
-0.27685512107343263
-0.2856944191264191
-0.2997062179505805
-0.2968788884376847
-0.28997606433680995
-0.2962054635038702
-0.29190342605269026
-0.2837630940239128
-0.2863776556664479
-0.2830948657097297
-0.2757786460925875
-0.2764350491419205
-0.27381774948331455
-0.268499269099676
-0.26475571397469105
-0.263853298379414
-0.2579370932481294
-0.33998052896073333
-0.34091152375912415
-0.33758579414235285
-0.3304682263659105
-0.33206031744943093
-0.3289105194319972
-0.31998528811332516
-0.32204866021904033
-0.31991420918655655
-0.30956166360397125
-0.3118012103396862
-0.3105212275816479
-0.2974769453651638
-0.30023844268390104
-0.29959100571196295
-0.22131737240636193
-0.22531943047956124
-0.2337727634133361
-0.16397421364164777
-0.16878838667355003
-0.17179021969622993
-0.254234360528293
-0.2555053793083431
-0.260387916630925
-0.23714200242476272
-0.2381950748123619
-0.244613394728831
-0.17618094648715527
-0.18087994957859063
-0.18908913491129675
-0.25338412430798407
-0.2517862331629668
-0.24574073522682807
-0.10807625822413455
-0.11183272259367782
-0.11136392740419333
-0.2848025735219923
-0.2871478127580684
-0.2871354293347096
-0.2199872114167062
-0.22168170028195228
-0.2280281957813935
-0.2048586433720447
-0.20739408015224126
-0.2136400068648982
-0.2412223790657114
-0.2428987382284979
-0.2344614826695053
-0.2722178035561605
-0.27419582646811186
-0.2744547978329971
-0.2289485686411764
-0.2284504278774455
-0.22021078416428316
-0.25835584891681895
-0.2597500528527826
-0.2612911427985184
-0.12429588161785239
-0.1302415153508599
-0.13371554329511234
-0.190929858810361
-0.19342313222254376
-0.1990767086428771
-0.213294573527339
-0.21421405595138596
-0.2109638283000811
-0.24507510170310792
-0.24608780172069458
-0.24849481553525155
-0.1994628452764085
-0.19819402414845308
-0.1980357983421755
-0.23159074038408847
-0.23200595412667205
-0.23467779906941583
-0.18156038776399833
-0.1812888127270817
-0.1841463541887444
-0.21820793791938303
-0.2177874953769108
-0.2209445248814647
-0.16291071936827833
-0.16220633401302603
-0.1672490056645986
-0.2059438737429201
-0.2045186306088917
-0.20826669387123672
-0.1410054933387157
-0.13940736463230982
-0.13221001324625167
-0.2119469117534564
-0.21030464980151406
-0.19837609964841066
-0.14721387275134634
-0.14438855572077341
-0.13436287421753731
-0.19574854701878142
-0.19429753113751436
-0.181423671786093
-0.11833504472613765
-0.11480664295985689
-0.09162491015454564
-0.18065189797985132
-0.1790035613186015
-0.16645021892110198
-0.10443203971806725
-0.1035411871740071
-0.09356393719820255
-0.16680354165577718
-0.16551119242294632
-0.15230749400554394
-0.07931282927869883
-0.0857902800773844
-0.0862281593136825
-0.17602843195716808
-0.17917278155507688
-0.18514507598469215
-0.1449601875396663
-0.14382416669874806
-0.14997739556460546
-0.19516608334789548
-0.1930987966551412
-0.19659165720960498
-0.11036589959642212
-0.1091627884855632
-0.09844657340353141
-0.1532905547688373
-0.1523496581030502
-0.13943506140723874
-0.13842770577902874
-0.14293754058247984
-0.1492566143258874
-0.16356040547084832
-0.16680115804625317
-0.1716779895908331
-0.12706271363197133
-0.12616033833312398
-0.13328885288336745
-0.18468667570043198
-0.1829946551547652
-0.18598929322443813
-0.05762396206846004
-0.056834316821641306
-0.052700440341070846
-0.05048406340495172
-0.049267324613622834
-0.04653215011451106
-0.08947277626606774
-0.08708362457711627
-0.06216159574607714
-0.1417798243880333
-0.14065490202630515
-0.1282297169705322
-0.09248398171317117
-0.09767506289460012
-0.10137469618225095
-0.1519843915280106
-0.15457699351939264
-0.1586583232661709
-0.06560710323257661
-0.06524394384428137
-0.06148585596076262
-0.17566142055863504
-0.1737434760159804
-0.1768728991722641
-0.07601206591583658
-0.07521833900150221
-0.06644331167557753
-0.13072171909304733
-0.12855190219702864
-0.11760590559335403
-0.08297098601630193
-0.08143086947985886
-0.07420145197722915
-0.1196492163892301
-0.1185508117306325
-0.10740579589062327
-0.05833171876424554
-0.06433302549422597
-0.06536676134901771
-0.1413202741437705
-0.14391533611204116
-0.14805412511343474
-0.10833646618091876
-0.11209696180626132
-0.11663708401477053
-0.13183379062603415
-0.13407339609493948
-0.13790694644775886
-0.11005431732605714
-0.108499532171699
-0.11538704321150255
-0.0723431384623234
-0.07289422413126541
-0.07032330523923325
-0.16751438379956812
-0.1654824803578991
-0.1682469480553727
-0.04411026611990343
-0.04230663566318236
-0.040755009894273546
-0.06775401100818057
-0.06599205721191777
-0.04171034077353482
-0.11062230470540486
-0.10921389159014677
-0.09807336164275118
-0.11964075118163214
-0.1225373004502218
-0.13187518425397982
-0.14036661869503053
-0.13877599752308142
-0.13977343873022302
-0.0704691532784936
-0.07450367457335468
-0.07709498855215675
-0.12290102454920902
-0.124578990074893
-0.1281495859121478
-0.044607773197746725
-0.04937364582380475
-0.05059088202840283
-0.11418677417390542
-0.11607620928356539
-0.11958982267422116
-0.09517124533724387
-0.09258825622663344
-0.09792364281614058
-0.07564522245141109
-0.07701683418043266
-0.07656207658569045
-0.15753608548698467
-0.15589835068902208
-0.1584033056073527
-0.054027298879035485
-0.05372803085469436
-0.044796394009132386
-0.10116177610582691
-0.09929627944283259
-0.0894235915923391
-0.061565123098467955
-0.0598221061301965
-0.052835290371417196
-0.0927803599738969
-0.09085435688450584
-0.08149469478183305
-0.11295090799175198
-0.1152770419141997
-0.12408129286829864
-0.13400821495084397
-0.13243279886706702
-0.13471586623487594
-0.08514279157762733
-0.08800526102044363
-0.09128081033997767
-0.1072382560320974
-0.1080838134579425
-0.11088094252476582
-0.08189086303557268
-0.07888151650858909
-0.08184122902166341
-0.08023366751976929
-0.0815532669502707
-0.08066628140666048
-0.1491271581706645
-0.14784951993405707
-0.14897352995675664
-0.0841563260658239
-0.08507280592272363
-0.08193211988300407
-0.14182687712926542
-0.1406966931877478
-0.14080448712064011
-0.08650557421447178
-0.08595219866570422
-0.0814988977358057
-0.135174718458171
-0.1339684114529243
-0.13329438717715353
-0.037714466486236824
-0.03631323483979925
-0.03615810469307904
-0.051276794505159144
-0.04868188798514428
-0.02598244375654518
-0.08623638579177187
-0.08362020763517156
-0.07469414777421152
-0.032382903120318725
-0.031286067666054344
-0.034379531822494154
-0.07942051708636029
-0.07709537476872258
-0.06814606115840764
-0.03918804126884559
-0.03776845729271779
-0.02730456761385441
-0.10683290583046597
-0.10798694412250266
-0.11724127277490104
-0.12790898872530326
-0.12660590819443462
-0.1300383025153495
-0.10101059543040598
-0.10112221096464394
-0.11045777568050884
-0.12322475959092997
-0.12121450778857673
-0.12611398894352258
-0.053636955836031015
-0.056173473849219516
-0.05934472752187674
-0.09984814582996138
-0.10064834520211811
-0.10388117247931711
-0.03497429083872063
-0.03823712774135286
-0.03979445219421327
-0.09304103602403956
-0.09415837735921487
-0.09797943609122471
-0.06698586879396234
-0.06993972418590333
-0.0729511959484531
-0.08765847291028404
-0.08853740879464717
-0.09160288785024075
-0.06889349065089445
-0.06629625298378611
-0.06830724855009684
-0.08629484888294862
-0.08628735040709341
-0.08027471442677142
-0.12840906674981561
-0.12759789926355541
-0.12582502576587687
-0.08686837446761629
-0.0850984471069684
-0.07786065112139746
-0.12228869629049363
-0.1221108478518968
-0.11857809420256182
-0.08631836281605336
-0.08316374330788383
-0.07696824143251352
-0.117488490991422
-0.11688802174328815
-0.11345459668097811
-0.047343842898057195
-0.04536216416170506
-0.037456371705853045
-0.040682401086144106
-0.037871803282629776
-0.01700703776987215
-0.06822489255483206
-0.06655539729038067
-0.058632445152767255
-0.07342039953162158
-0.07198738866801328
-0.06335016219422729
-0.09484325850988176
-0.09463121487482179
-0.10297414634462719
-0.11833178750056295
-0.11660009249204832
-0.12261365049638577
-0.04226890484769071
-0.04394040882072206
-0.046824870579901326
-0.08285490558963524
-0.08376396095191421
-0.08647378607069435
-0.08414749344490205
-0.08094941247168361
-0.07320841286576289
-0.11313579219487409
-0.11242662303153024
-0.10852734817187103
-0.027421830902603018
-0.026943855688030264
-0.032576358706423454
-0.03652629166995803
-0.03440299491483541
-0.028631681833628766
-0.05793851865683528
-0.05681763487165998
-0.0513030120061742
-0.0625789544175541
-0.062001806711942574
-0.054619831397711816
-0.03127581251044803
-0.02946037229336279
-0.011946942823246076
-0.05339219603867716
-0.052497061926737816
-0.04766221273533163
-0.028866895948452386
-0.02863488343712209
-0.01700734852871704
-0.021455618123528097
-0.0202602372577075
-0.010276207614112472
-0.049742324759048356
-0.04869816905699278
-0.043940360068381826
-0.027778501548073917
-0.026160822747820188
-0.021576021320064483
-0.04583833776939132
-0.04520359349971387
-0.04157324193979224
-0.030032883133944338
-0.031263749903983964
-0.03261449442497844
-0.0784773061029662
-0.0794307456582662
-0.08198473753665891
-0.08214405211076763
-0.07819371246702812
-0.07188082201242717
-0.11003644850213615
-0.10811169677441984
-0.10383590905685561
-0.08851040170387343
-0.08798064162451698
-0.09564792749619913
-0.11364310139569238
-0.11184425908829013
-0.11806930276114493
-0.0808437741622356
-0.08109343675122901
-0.0883835713543167
-0.1095214710471251
-0.10760756732487946
-0.11293444330791841
-0.07140111612588897
-0.07288478068438113
-0.08131099092292841
-0.10431810424782016
-0.10307072951316283
-0.10792614414051796
-0.06117322436270933
-0.06314375876102159
-0.07334394966154661
-0.09912490870575812
-0.09854964641813929
-0.10270658748226742
-0.051482529488845935
-0.05263265012686067
-0.06548509725211468
-0.0949711594187384
-0.09422729991477183
-0.097257838981932
-0.04348862992989292
-0.041594649787911206
-0.03177274172981713
-0.0379516843430492
-0.03540588765711758
-0.029362637820720593
-0.032916988121931445
-0.030185948828781593
-0.02661515321758915
-0.028677696884889668
-0.026514130573650325
-0.024550871953601533
-0.025132699691819024
-0.023863617463773055
-0.022421375264945375
-0.023497324445115684
-0.021976434288678195
-0.02126986243298831
-0.022095464454470148
-0.020078552437498752
-0.019600132184788233
-0.020672604116321942
-0.01859768460874386
-0.018651691901787705
-0.05465396952572408
-0.05834276421675477
-0.059843208320877556
-0.07482233800909151
-0.07527596052376857
-0.07728117242651163
-0.034475774362951156
-0.03520822799729217
-0.03744998352525695
-0.07057589703941065
-0.07068625755368074
-0.0733374706178553
-0.025233016779621524
-0.02593831064168908
-0.026578568354376105
-0.06694067735183648
-0.06675546023292175
-0.06908891352695301
-0.05759011098699826
-0.055623887265023784
-0.05765547445603863
-0.04833643073543396
-0.04789418395235354
-0.048923839594094166
-0.07976710694240044
-0.07680489503340795
-0.07050263447624497
-0.10710740220725427
-0.10451471115459299
-0.10069259352011167
-0.07814030147019056
-0.07680325382832937
-0.07156844729949047
-0.1038838342553294
-0.10195390628997132
-0.09755576557070474
-0.0772322752875505
-0.07660194802895258
-0.07230776230334278
-0.10127043359280109
-0.0990304030607394
-0.09491960382907313
-0.07978488144188525
-0.07764014534958473
-0.07183995520526198
-0.09851346487163919
-0.09619033583433408
-0.09248834935614894
-0.022994899869806424
-0.02291014738692262
-0.029938638625568798
-0.025455161790301477
-0.023984028185977422
-0.009880101334498372
-0.04297851608626152
-0.042287885595521484
-0.0390926964786981
-0.01990835600808057
-0.019525356364291577
-0.027367532587731495
-0.039779166054069066
-0.03907112846006615
-0.03639807300115628
-0.04468714975361857
-0.0475671381771907
-0.04958628779492021
-0.06381102624179708
-0.0631198266345882
-0.06540656301438054
-0.07789534258700594
-0.07793221754901807
-0.0746532289917979
-0.09592227470421845
-0.0934282066878384
-0.09032317892820246
-0.04235281564144713
-0.04264946417910384
-0.057294978102653174
-0.08918201327648705
-0.08837894336146117
-0.09231465845252118
-0.04876103695177582
-0.04857617989866712
-0.0387308446314571
-0.04682919763504028
-0.045729479182357285
-0.03501968034986779
-0.08334910053259062
-0.08328711390077619
-0.0879705673336033
-0.0507822257187765
-0.0497972299872779
-0.041261572989218794
-0.07842749392921931
-0.07862107885686186
-0.08333463403587388
-0.020168368483367352
-0.01693319630701385
-0.01743796410563409
-0.022454140738827146
-0.021277501635907355
-0.02197811170839585
-0.027390890756256798
-0.027628879833604385
-0.0306813748175594
-0.06003700163016291
-0.05988516032340671
-0.06207484277616728
-0.056582535194463254
-0.057020333259576755
-0.05865366590586995
-0.035644394759140614
-0.040235585019828976
-0.040881884123612114
-0.05402970113936969
-0.05419266654636379
-0.05547496645597049
-0.04155341326236859
-0.0407888513104352
-0.04234596160717705
-0.08020115272129684
-0.07817131801249505
-0.07677916021900794
-0.0936118182524288
-0.09110077275996831
-0.08892563364555088
-0.078807229559479
-0.07593323010878843
-0.0791623164070616
-0.09083215368246736
-0.08830093455179681
-0.0872298060602389
-0.07614610889741745
-0.07334694715983844
-0.07877899202319857
-0.08823495950151572
-0.08568154570604006
-0.08460331912527953
-0.02128738567679354
-0.020617359335861646
-0.017756448773568252
-0.03687941121214894
-0.03662848802528457
-0.03445884217534258
-0.020473544875366012
-0.02219154710801524
-0.023792973057682257
-0.050919790337742576
-0.05160608476822975
-0.052705135892979316
-0.07142451219550303
-0.06921907988629311
-0.07466944609685393
-0.08521909850518049
-0.08305845294884226
-0.08256192231043959
-0.015307371199510108
-0.015022952472685216
-0.006134617955049093
-0.05248944241538248
-0.05165366413777793
-0.04372762499805946
-0.07500299871200879
-0.07500222542223364
-0.07918708622547908
-0.054043327527590126
-0.05328532649654343
-0.04638949618289339
-0.07195055188850678
-0.07239984027328339
-0.07563786280643217
-0.019123876488178426
-0.015552688457397488
-0.015820275219460243
-0.019025387262785538
-0.01702226901778287
-0.01805668763416657
-0.048046286593887086
-0.04891628126884974
-0.05030620432184807
-0.06623854452219415
-0.06469717045031662
-0.07036543937809475
-0.08169983965948634
-0.08022922223292678
-0.08042854680277467
-0.015461295137292221
-0.015532051782610136
-0.010063107424679689
-0.013837161727011266
-0.013839373062549142
-0.007868662916731606
-0.012427389940945263
-0.012312919110638447
-0.005647581400128409
-0.011457611873274815
-0.011150971008219837
-0.006280845120726754
-0.02800068906336447
-0.034367293461585645
-0.03574924774026844
-0.04541737695494302
-0.04683147342003283
-0.04824775405016167
-0.021396606777214694
-0.020066704847650878
-0.008344341910103642
-0.03449321784348862
-0.034044165999719204
-0.03167706826045827
-0.027445370360920592
-0.02866768061629232
-0.04194648391647496
-0.034518274404214254
-0.034648724107943056
-0.04923972270214611
-0.05535039877429144
-0.05445369872309701
-0.04862007983071197
-0.0690370998043699
-0.06969271885202297
-0.07228006164777614
-0.05583699384610002
-0.05603552058148594
-0.050481926314984764
-0.06649741060506177
-0.06737808807547611
-0.06880108759979095
-0.05618081426783355
-0.05710741763858095
-0.0528514372011113
-0.06464796026571712
-0.06510549184979768
-0.06583975398692586
-0.05565752858870977
-0.0568793028541424
-0.05450245067630795
-0.06278487152204959
-0.0634991286975531
-0.06365257916125415
-0.01838530638022912
-0.013957081526534822
-0.014593082332358332
-0.017416687891578516
-0.012464179958447218
-0.01249850630989321
-0.015011300474256018
-0.017435421842577417
-0.019932375100646316
-0.044073226963510834
-0.04505729580300202
-0.046568473522894054
-0.03405992675683073
-0.03574283162366934
-0.03662642643520519
-0.061070729014087256
-0.059691342187928355
-0.06373800724035056
-0.07853574074768929
-0.07761822685502431
-0.07822531398230437
-0.01746501173360196
-0.017926884667095883
-0.014487306741953566
-0.01063462133415864
-0.010417659989369088
-0.007738079075632288
-0.009380287710612367
-0.009634928211240285
-0.0088414974215242
-0.016768255898512156
-0.01702816066811002
-0.02360735666689398
-0.031925865201469956
-0.03155675472282205
-0.028804295395531795
-0.016594084889444378
-0.015281599516221414
-0.01342756055639387
-0.02901020600263869
-0.028692630614410523
-0.026634354984332097
-0.013320162245958151
-0.013824695830311524
-0.020085123407969207
-0.017360557091668487
-0.01624402065952564
-0.006329758848381999
-0.024902006839913924
-0.02357854480422665
-0.020609354547644565
-0.027211825925457123
-0.026119928335322194
-0.023944803191693606
-0.013099157308283427
-0.01150651823893541
-0.009124076016697102
-0.023247005720935084
-0.021216685964115224
-0.01843916741954867
-0.011655559484920076
-0.011211693681997257
-0.0031830992517476392
-0.014133570261093041
-0.012825855048410967
-0.004329894212237627
-0.021457704684389477
-0.019246031987600925
-0.016123618922621333
-0.006676195731845242
-0.005040518862854926
0.00361169652968976
-0.009382292380751136
-0.007617710725754003
0.0008081294972344418
-0.019126076709380015
-0.017080284105521034
-0.012558867988905698
-0.02211638352822916
-0.022976203503568212
-0.03545946122741978
-0.01752335429596014
-0.018303857409544037
-0.029176017482999268
-0.055703660924826065
-0.05642297674451782
-0.054781605484618044
-0.06138825816720415
-0.06206434562480038
-0.06139202127899679
-0.05555967784480214
-0.0561435947270014
-0.05623741707047003
-0.060370228890471896
-0.06065087613303993
-0.05993483454197934
-0.054617671703474854
-0.05513164082104852
-0.05612562735797047
-0.05926540403613085
-0.059341041999489856
-0.05848706549129924
-0.053354119479107745
-0.053460635638874855
-0.0551880927937365
-0.057905991505666644
-0.057853101651034196
-0.05760609420435362
-0.051379924313496195
-0.05159697608701532
-0.053385179825339905
-0.056404911109821855
-0.056471454342011576
-0.05738018866852143
-0.016427992124162755
-0.014338567186867695
-0.01525798459652711
-0.04219210838402
-0.04295813669569275
-0.04526065411870126
-0.016307401434685377
-0.010735599870985857
-0.011054152419441179
-0.012664635626485803
-0.014923364897667477
-0.016575056633718378
-0.04108106270876187
-0.0418799751705797
-0.04335879622417367
-0.04002175116052049
-0.0399285720935991
-0.041203809959518806
-0.014027860051739798
-0.011873327353976228
-0.012379051686504392
-0.03736571516510828
-0.03798567121499231
-0.03887648051473061
-0.02477366127407648
-0.031144375299593845
-0.032304643804732476
-0.014354790454443576
-0.009152238158105121
-0.00973806318207751
-0.0105838635829521
-0.012383226532363914
-0.014335711344861075
-0.03655066374684795
-0.03648196085494367
-0.03633289997996114
-0.03495853725700077
-0.035414797023197296
-0.03440483238958809
-0.022195873292404376
-0.027329722696838556
-0.026594836797883638
-0.010917597310057944
-0.0098269840405983
-0.009935132442188912
-0.032782554814096365
-0.03213062739282439
-0.03285705981297241
-0.019401069144516236
-0.022560448474175415
-0.021568789055864936
-0.031964167398338586
-0.03003636876580846
-0.029495731589987362
-0.02901977235147861
-0.031804379241900424
-0.03224951668768149
-0.02576411625985727
-0.028567299835410426
-0.030002669522174147
-0.02333785511336853
-0.026112343861016074
-0.026497428828226213
-0.05641063980361454
-0.05526887908384678
-0.05788400137111111
-0.07492890761872908
-0.07417971254640422
-0.07579287947284996
-0.051048811794875526
-0.04995244629024972
-0.05063322839542042
-0.04501060712161544
-0.044227092894818014
-0.04529537019682192
-0.07103661162393081
-0.07113805557720342
-0.07281413427190182
-0.06701425951353945
-0.06749109919445107
-0.06967207995085573
-0.04015043215895552
-0.03906026169259377
-0.0394536378233713
-0.06371182701256882
-0.06452707947944819
-0.0656084335980217
-0.03574616284694587
-0.03494510772171728
-0.03479250146125196
-0.03213536750801864
-0.031231904873403226
-0.031705484654776836
-0.06058451672227161
-0.06160455955778467
-0.062174133397092976
-0.05744176997174761
-0.057884862051499515
-0.05933267131147373
-0.025306402463728922
-0.026652957178096275
-0.02762718665669687
-0.025627631501156285
-0.026391059928713382
-0.02812810160242707
-0.054998712714749515
-0.05508126893699495
-0.056208972830481985
-0.02470244628969157
-0.02610573057338469
-0.027469816893801846
-0.023365298648681185
-0.02423187531383784
-0.02486922238410359
-0.052412373925435
-0.052440391966930296
-0.05366363848997601
-0.050193578193530056
-0.04917582305877577
-0.04939292805690884
-0.02483835387532567
-0.026659451836067362
-0.027381631935841
-0.022281719480552697
-0.02375306568841391
-0.02396228254314841
-0.04779632655546139
-0.04672090844266684
-0.04714993921239282
-0.02356139485361325
-0.025466817786854414
-0.02615479577465031
-0.02178021613487303
-0.02275883012706208
-0.02502585726047661
-0.04501187823433457
-0.04421250334586877
-0.04390038622977264
-0.022003652391923936
-0.023264006299633027
-0.02437670975403362
-0.022500468913511665
-0.024643319326388198
-0.026777128166295124
-0.04282971978772536
-0.04164952760599863
-0.042094742089816756
-0.01998779982905525
-0.021185609286953653
-0.022180905876481305
-0.018518267815114547
-0.018910833462557362
-0.01790887810173866
-0.022404130254619188
-0.02593168637221654
-0.026450498880313058
-0.040832463421882036
-0.03946479086462186
-0.039494760373547405
-0.008649532260790686
-0.008657837916525671
-0.009574726440751927
-0.010930741169647089
-0.010653738159533098
-0.01542712168408902
-0.013096611066273927
-0.013977461152068299
-0.023332726350354764
-0.049458469158663386
-0.049581126586745086
-0.05255997261131978
-0.055530961209183126
-0.05499573624704994
-0.05674601788262751
-0.04707953187363913
-0.04800357520553299
-0.05015616280760617
-0.05450079602273919
-0.05385179781225327
-0.05591538997077543
-0.010083687022836758
-0.008592229593145337
-0.00533102245371543
-0.01778181518511823
-0.015514672866100128
-0.010882374090734686
-0.01109271359191243
-0.009596016396087741
-0.0010967154201437048
-0.01637754806612616
-0.014178477797819757
-0.008805747248533962
-0.04457404568311338
-0.045540808248536895
-0.047729994668850834
-0.05302564370307745
-0.052490292583079225
-0.05438039335735003
-0.0408899446866833
-0.04288803646821289
-0.04508598508921738
-0.051113282075576784
-0.05080077425604937
-0.05256314906587085
-0.037567593812809476
-0.03918908572887579
-0.040946161347251354
-0.04966465358183695
-0.048904431679758935
-0.05003132913950155
-0.03307337913014353
-0.03437692363413096
-0.03699769014387678
-0.047275141657972086
-0.04663443476626649
-0.04723414366879192
-0.01420176252782858
-0.012257511132135475
-0.01023645352491517
-0.012097059769027486
-0.009715345950883102
-0.00908516779225025
-0.010223337388893453
-0.007912737787836441
-0.007477163976653507
-0.00845159801996398
-0.006949484334542311
-0.006650398688499249
-0.0074212641490999775
-0.005848222606720242
-0.005759227163169298
-0.006060757834975028
-0.0054146096603048454
-0.005082807134069265
-0.004839837894998663
-0.004878444409474833
-0.0048564140295411905
-0.003964755168440756
-0.004246124682985324
-0.004182002437821492
-0.012563098253822328
-0.007475920291633064
-0.007926942534122417
-0.007987392358984099
-0.009723408503677677
-0.011478162986100797
-0.029125791158370933
-0.02819627660148167
-0.02749989385111709
-0.008307599018243102
-0.007557678335677803
-0.007790951311043976
-0.027930207434116033
-0.025628043876999948
-0.025183680979924544
-0.010341986821444597
-0.005472577237807642
-0.006346228710762843
-0.0051810374705898825
-0.007431621972839282
-0.009454046606356204
-0.024992180136941555
-0.02380599616479985
-0.024133566151751204
-0.024199460601657244
-0.02222628544210222
-0.022825563566300285
-0.014650193315496987
-0.018333418926992213
-0.017787337440988357
-0.005744719568238258
-0.005356772465629112
-0.006250265209039258
-0.022061154223105783
-0.02003536948481262
-0.01936116457759743
-0.021864957504038402
-0.02230364335222611
-0.022921927370783496
-0.019622608415872947
-0.01807036554132216
-0.017392729668880558
-0.029371081213593168
-0.02869020900828156
-0.028080871228054853
-0.025518464601174372
-0.028814203043366782
-0.02895814672086852
-0.039210112587175945
-0.03772475827166492
-0.03762342266751529
-0.027691903056038115
-0.029625762339842012
-0.029189230213426228
-0.03746478666325093
-0.036097202449454475
-0.03621370819731849
-0.030330995431836545
-0.030658306199245512
-0.031799696503294304
-0.03595813569872633
-0.034586698510303715
-0.03461089432438263
-0.007721723650383093
-0.007749858012603282
-0.00950094215717197
-0.008833971172799672
-0.007809419209716507
-0.011830919289237109
-0.0078101635505134475
-0.006187272972964943
-0.0015501551270745006
-0.01281995470944483
-0.01090963187620941
-0.00587121256946488
-0.014680028090703776
-0.012426054385031565
-0.007014793573351768
-0.008315888547156524
-0.006778494043176255
-0.0001094243737264193
-0.011766838845128639
-0.009741936707972116
-0.004607447418662746
-0.0050935560149333705
-0.0038206720823164165
0.004887941790642792
-0.009851268833788637
-0.009875907675796556
-0.017615044343311653
-0.029087493445403997
-0.029347496554938117
-0.033119825086977236
-0.045142690096240334
-0.043929576964338655
-0.044120440699149506
-0.024250840431982775
-0.02480702314013505
-0.027556762513265082
-0.04210952217539246
-0.042173474266117034
-0.040190414204938796
-0.01785868174340971
-0.017366451125981907
-0.012633651691673683
-0.01605519665083635
-0.014582080409400483
-0.011000615612172337
-0.01945831915074764
-0.018873693679935393
-0.014391658116732174
-0.039215944152901756
-0.03875497342602473
-0.036770217406419566
-0.027709927635743366
-0.026334661393545577
-0.026193821596174116
-0.03247314080152878
-0.030823381194832897
-0.031929822979405886
-0.034859180787910594
-0.03314577510820639
-0.03248756342950374
-0.027666969609997018
-0.028826025904561018
-0.03209191998948599
-0.028182447665774015
-0.029398396103686022
-0.031159962756047134
-0.02099359543675647
-0.021165917883232313
-0.026896890494992366
-0.021818114069875973
-0.022104545205560554
-0.02747991446733313
-0.006120924369265879
-0.007080286920319808
-0.008594588602333584
-0.0037899932805827673
-0.002364660504003361
0.006259624980782815
-0.0104187882511561
-0.008393196337723558
-0.003093545321716879
-0.007324134423296426
-0.0064201769391899685
-0.011793724710383705
-0.01975762500215413
-0.019881279746089275
-0.022378559289687388
-0.02143740336192904
-0.019908402211886996
-0.01584811910078962
-0.036879338661334866
-0.036115966728826145
-0.03400383051353108
-0.021931221678665028
-0.020998685572995234
-0.01698829916439644
-0.03396316095492992
-0.03377839731857959
-0.030818131915417872
-0.021960145353552594
-0.020921530931679724
-0.018301581925236964
-0.0313704493140794
-0.03130646376704776
-0.02872407610421299
-0.02174105555511793
-0.021283891635998742
-0.01896813679297369
-0.02961135744009028
-0.02954516231281839
-0.026169588037576227
-0.003275029660312961
-0.003566071481520748
-0.0033125967305529334
-0.0027363178266332183
-0.00307987626666897
-0.002718341239122913
-0.002233646944406004
-0.0026779262154867202
-0.0021123927494424767
-0.0018425084591261018
-0.0020373644416787416
-0.0014410966565560112
-0.00813244799405729
-0.004032316519621937
-0.005270438489330944
-0.019219516476426585
-0.01580404839494521
-0.017896221065092532
-0.0030388647659227944
-0.0052693556731245785
-0.0076365337358333665
-0.017114382816880973
-0.014990567268618697
-0.016337581161819388
-0.006017109551946564
-0.002360764469494564
-0.003562838002424111
-0.003581051855970027
-0.003302940697241246
-0.0041219384921414755
-0.013660103024933394
-0.013195293265464925
-0.015195606202276227
-0.012429489957783167
-0.010750242057909611
-0.014704558011091245
-0.011087068482369308
-0.011771731875323278
-0.012625782575761595
-0.0064123804058365775
-0.00838947758841505
-0.011141720008667139
-0.0007764443448080638
-0.00310403984266321
-0.0056084354749827035
-0.010946500720418261
-0.009887351603356435
-0.012377104774208848
-0.016316434654867526
-0.014678597019183516
-0.013110899368558172
-0.010079051168963344
-0.009892352568223685
-0.011073667710134757
-0.026828279544848815
-0.024943947744937904
-0.02452370567280525
-0.02551460707490866
-0.022967842754252888
-0.02318765666924441
-0.023231662099461533
-0.021453673218806667
-0.018874528969296027
-0.01293533259789107
-0.01236866334551109
-0.013172330184223329
-0.01407896148889549
-0.013421822943234296
-0.014653689289235097
-0.0011436288910044198
-0.0010531595977232063
-0.0014813591050117654
-0.0008245186331195059
-0.0009386273223282415
-0.0005830239723407683
-0.0005154780557769957
-0.0005723701991250037
0.0009319572334388547
-0.0004413168823984425
-0.00028959554208409866
0.0005280186844815787
-9.712110776743276e-05
-1.5913391458642497e-05
0.0003210765335795039
-0.00547533776081536
-0.005406172768958952
-0.00726803167308298
-0.004554541277999835
-0.0038056404463756572
-0.005457658216201935
-0.0011430115745871571
-0.0015778972720267334
-0.001194592075430997
-0.0016524904892020174
-0.0017317526898098146
-0.003039886487068212
-0.010299134895802364
-0.007592813617389805
-0.009868339001948206
-0.00626207379867399
-0.005789597935154876
-0.009398177667816685
-0.003224182490114593
-0.002909910724436152
-0.005316265783933868
-0.0021503558238896913
-0.001919899193503871
-0.004236838560783211
-0.006210833675044924
-0.004837104509272051
0.000883019131436752
-0.008285066894081523
-0.006264509648641641
-9.605710094963992e-05
-0.009347959912365976
-0.007285382871597362
-0.0016923933939789403
-0.004629916251010036
-0.003797050301609897
-0.00672784568193106
-0.0013603950660462953
-0.0012695691212589605
-0.004091016645959402
-0.004053125906293466
-0.002958543295592819
0.0016635323796133055
-0.005425828578636513
-0.0036018729925134333
0.0026146909768374658
-0.00639163650897451
-0.004217437243973017
0.001314671878236856
-0.0071922616016050775
-0.00523466024108286
0.0005731744454771147
-0.0027094424584556223
-0.002116022583197613
-0.004582947932584753
-0.0028796169590022285
-0.001401261744856218
0.0069642202691698515
-0.004694625310628866
-0.002535006753020699
0.004298188369425051
-0.006151117311954785
-0.004397011323284742
0.0010663197339226946
-0.0023914433033034917
-0.00145777331929074
0.0044438458865765145
-0.0029785601614216745
-0.0016041146484647689
0.006207846913780948
-0.0034557646945378075
-0.0020273042235361954
0.004788329781265823
-0.004311433483675521
-0.002802031198659492
0.0033390728106331953
-0.0014607268542494755
-0.0007992017242825503
0.0004343732292559885
-0.0023496653299739825
-0.0010217623701360436
0.007237763968312861
-0.0017876119429211755
-0.0006386374884551115
0.009096283520651293
-0.0021203254511860505
-0.0007606663233215105
0.006224633673396852
-0.0008889384757245067
-0.00022256064585349274
0.006803390739056886
-0.0016019910252198992
-0.0006860086154618776
0.007922020743217966
-0.0023486325951272294
-0.0013873132924017543
0.007172612506324779
-0.0020742332190365935
-0.0014274051393695895
-0.0009790762323863933
-0.0034509502979721083
-0.0029634426647958565
-0.004498023044936266
-0.005284834474213725
-0.004582461401732007
-0.007709031828390189
-0.015441935299405818
-0.016207564516939107
-0.018155711412741467
-0.012031939276264895
-0.01277971174558432
-0.01382983275102142
-0.021605262902294094
-0.021127266647762207
-0.01900129363324921
-0.027900459646222554
-0.027458010825631495
-0.023613499458853947
-0.021600852047552598
-0.021439576051579104
-0.019530820430603314
-0.026273362699388896
-0.025743571007799976
-0.021577880160371942
-0.021475905499608205
-0.021073390205900183
-0.019653889170969094
-0.024619492383889843
-0.024190193032479292
-0.019747582591786356
-0.02172751930753005
-0.021226405206567794
-0.019715533174955734
-0.023513127976346835
-0.02309112305879074
-0.01872032483341219
-0.021580876869261825
-0.021340179023091328
-0.019860297876758626
-0.022628490625406353
-0.02239828438706654
-0.0183821724438771
-0.021367837190234745
-0.021164496777175183
-0.019719339415050666
-0.0217729210213395
-0.021577358146868543
-0.01866096702254828
-0.02039725470588893
-0.020610207612804677
-0.019335753053287406
-0.02056684514677265
-0.020742850826255564
-0.018471677374662467
-0.0038163080077384085
-0.0011827772022148036
-0.002723531744183519
-0.008175005280904587
-0.006112667283493275
-0.0076781602729322235
0.0005982025607117697
-0.0015177252719963167
-0.003775219347569834
-0.005131714447933075
-0.005586372444887685
-0.007034070832417874
-0.00435869727316617
-0.004929890081278474
-0.004954628528748704
-0.008646644406600325
-0.005861060927579987
-0.006828452514879994
-0.02032925087421369
-0.01700620827961043
-0.015317613923521623
-0.01842833316726283
-0.01353310449240532
-0.013044261493234318
-0.007870301884972343
-0.008261270676819638
-0.007201451244602476
-0.009410303960526783
-0.010384932835368009
-0.010422494178976015
-0.019732692427316113
-0.019909805633992052
-0.018410823998237187
-0.019840684660903937
-0.020182617435920782
-0.018857227515823523
-0.01877905127311539
-0.019063475634283907
-0.018204210824522494
-0.01925568547143614
-0.01936083798712204
-0.018733720265495548
-0.0008091479251731661
-0.001466659818193577
-0.0007041169414946693
-0.0005900899638045514
-0.001261558976857626
-0.0003272554667097604
-0.00021593210051523145
-0.000701295841065306
-0.001959097708778874
-0.0029919762974886886
-0.0032130905991693917
-0.006367492059689227
-0.0021446059770904627
-0.00017120889254797477
-0.0014252916129771644
-0.00188959796445185
-0.0026970712047128423
-0.0036877605177247346
0.0009422844787787257
-0.0003878613637701683
-0.0024059639346474034
-0.0010722278018055317
-0.0024828696292256815
-0.003491723069226833
0.0002550080126386125
-0.0025258623121648676
-0.0022624689047475704
-0.01810347455830425
-0.018571589686448182
-0.018386096160902587
-0.01878898488356883
-0.018977900162422713
-0.019077788256624113
-0.017037093843234923
-0.017808784969727053
-0.01782626351727295
-0.018134786187187665
-0.01850957907895303
-0.018672398260026653
-0.01570320399157527
-0.016548008535479875
-0.016983306104114734
-0.017247561332799772
-0.01734225378653839
-0.017976579958983354
-0.0003838700649566081
-0.0008106563671959869
-7.234914053988676e-05
0.0007362016770259254
-0.00013911257176419056
-0.0010744650745606803
0.00016888942731232135
-0.0013558460065526555
-0.0028611096070110843
0.0010669163308517794
-0.00018544781003000636
-0.0006400659996421723
0.00015754183225557912
-0.0002136237495167549
-0.0012268501906338714
-0.001275566497977265
-0.0003799276247839298
0.006589049136754844
-0.001460715399304285
-0.000375961470305364
0.007450454323114566
-0.0013727026723430458
-0.0006433296969206144
0.0009511585972241509
-0.004672510651836282
-0.00430399495622088
-0.0020470597297686044
-0.006295196743928442
-0.006330744177869307
-0.00461220582560469
-0.003143586884281617
-0.003116802826579126
-9.36934208172729e-05
-0.014401735075435235
-0.015364745079637459
-0.015156694310470896
-0.016258370941948697
-0.01671419059621217
-0.01643391947616817
-0.010599387057306885
-0.011026927532343904
-0.010407584023501632
-0.011887438532758348
-0.012702680635316904
-0.012211406692832398
-0.013317456346281474
-0.0140629683475637
-0.013465646061090514
-0.013295147348563813
-0.013682941644977506
-0.01226090130220047
-0.014268915502938455
-0.014961935783459498
-0.013677372644067144
-0.015470416984456576
-0.015783512937532596
-0.01485517436681361
-0.009420010740554477
-0.00925501374833866
-0.008469092890125908
-0.012242012580860589
-0.012300951848918934
-0.01084268306955917
-0.006290227566498714
-0.006423067586790252
-0.0050361241625714835
-0.007849572697195988
-0.008040849809950415
-0.0064619617220580995
-0.010229973850838481
-0.009800662947423476
-0.007857192635492422
-0.011254733326896891
-0.011200462172903672
-0.008982004485353173
-0.004563438846478412
-0.004522819623089346
-0.002895922458375841
-0.005291806765713899
-0.005527784412362649
-0.0037255138287009635
-0.007320553368945913
-0.0072835086046932574
-0.005381050255112251
-0.00855972086978995
-0.008682816166982422
-0.006365184608853985
-0.0023360069126083585
-0.0025866511015785504
-0.0021338895506672288
-0.002483603428072794
-0.0025330792254727565
-0.002340807406745025
-0.004535559125812999
-0.004722789349739682
-0.003466250187577049
-0.005985653246110511
-0.0058499795981875324
-0.00435464688363519
-0.0018609369036547297
-0.0019959516199571036
-0.0018070106005256324
-0.0033800767115423937
-0.0033819787030901134
-0.0025504534350320727
-0.0009518493450619597
-0.001319379708474525
-0.0009624822388352946
-0.0017472208533441764
-0.0017183909238476347
-0.001548664691721212
-0.002757114522467497
-0.002760688981603915
-0.0024851277967364166
-0.0013185705169612928
-0.0015583176070398425
-0.0009174748735183231
-0.0024997217563149043
-0.0025143540168462704
-0.0016204807664786578
0.0
0.0
0.0
-0.0005243265989638845
-0.0008049522383092912
-0.0004585607529636946
0.0
0.0
0.0
-0.0007380393544316959
-0.0008552488853805014
-0.0003301531318802992
-0.0032679141040760445
-0.0031550317546197794
-0.0026396707801530223
-0.003939746284339767
-0.0033775953606332318
-0.0028210684729209306
-0.003502049818037712
-0.0033169003727147764
-0.0020138394768901722
-0.0006460362978176846
-0.00016670671862754872
0.0030942384546303954
-0.0010495150763331282
-0.00018798618181554326
0.008948900615969733
-0.00040347877851544376
-2.1279463187994623e-05
0.005854662161339341
-0.002695760291256927
-0.002656014112633603
-0.001853317278698849
-0.002381476970180102
-0.0022592551481425945
-0.0014659659512347442
-0.0028220018403061166
-0.003045938100580279
-0.0023735901794332587
-0.0021529606381751015
-0.0017205445899688995
-0.0013895283057230908
-0.0018566358665134581
-0.0013494455165747223
-0.00127722516569728
-0.00154435734122451
-0.0007942452510585272
-0.0009932738548686212
-0.0010976923439527414
-0.0007007941092259746
-0.0008461347427537032
-0.0006855103252645917
-0.00040631047597453464
-0.000691692095721524
-0.0004766341983207535
-0.0002973623528381346
-0.0005295094409730629
-0.00010799223358782335
-0.0002728118019287301
-0.0004464035175863373
-0.000909374498596201
-2.817593948674855e-05
-0.0005867841909916987
0.0011295135222614333
-8.479851790020572e-05
-0.0005743077349449186
0.0011295135222614333
-8.479851790020572e-05
-0.0005743077349449186
0.0007136800981393267
-5.660932683697162e-06
-0.00029331197458442465
0.00105221943498638
-2.734036824686488e-05
-0.000470057676536948
-0.0027760441969734567
-0.002511794758104085
-0.004408394350910352
-0.0005673122497136057
-0.001216733434788465
-0.0017866445324504043
-0.0005608046044980496
-0.0005216975460264955
-0.0032043497319287116
-0.013691647986001566
-0.008910555228298138
-0.008628698285446134
-0.0006288264671149088
-9.780907838164838e-05
0.00969632990154818
-0.0007092665435579215
-9.780907838164838e-05
0.008479437119950086
-0.0005285860288722881
-2.5742457279913288e-05
0.008304261595892362
-0.0005403202444169612
-2.5742457279913288e-05
0.009201023458653899
-0.0005871168581181831
-0.00014634132917402905
0.0017640010272044376
-0.0010464867765214937
-0.0009684723548087508
0.0014781254328815308
-0.0017856086688167792
-0.0018124481788083084
0.0009952083415435539
-0.002199552213204638
-0.0021361382481611285
-0.0013323606369098234
-0.0015191398078876655
-0.0013860270831330087
-0.0007434428345064389
0.0
-6.0486129806855264e-05
-0.00025580868466612984
0.0
0.0
-3.6577661200610965e-05
-0.00033271350826487474
-0.000122028834866399
-0.002871649847254445
-0.0002824276381420445
2.203554390096123e-05
0.005039501083515987
-0.00040112734419601624
8.291157466892687e-06
0.008983420005290533
-0.0007525009029707277
-0.0007959630929986352
-7.181607475744542e-05
-0.00019417147527106774
4.303420606139331e-05
0.007791778468634123
-0.00019417147527106774
4.303420606139331e-05
0.007791778468634123
-0.00017392660984554332
0.00010350829337774067
0.006584859743857128
-0.00017392660984554332
0.00010350829337774067
0.006584859743857128
-0.00011869970605397174
-1.3744386434068544e-05
0.003943918921774546
-1.1734215544673178e-05
0.0
0.0008967618627615503
-0.00018514890132702018
3.966154478565899e-06
0.0008614051863597151
-0.00033661613229934724
-0.00041286136969336185
0.0011075001547712128
0.0
0.0
0.0
0.0
0.0
0.0
0.0
0.0
0.0
0.0
0.0
0.0
-0.00977288360721282
-0.006410953979805621
-0.006768669299226146
-0.003405160629700909
-0.003159612362953263
-0.0025200427632950783
-0.00036672117189933274
-0.00023893789856531758
4.5007365316971455e-05
-8.044007644301275e-05
0.0
-0.0012168927815980957
-1.6766615701882516e-05
5.4722484732244505e-05
0.003988654508641152
-7.971161267425943e-06
6.227915618391274e-05
0.00561901278987119
8.795454434456573e-06
7.556671451668251e-06
0.0016303582812300338
-0.00021371275546781137
-5.02966470712102e-05
0.00012840762108339536
-1.534313103752947e-05
-0.00010434493265348063
0.0010284592440246798
2.8218184586850904e-05
1.6624194150625016e-05
0.0027817837306018762
2.8218184586850904e-05
1.6624194150625016e-05
0.0027817837306018762
0.0
0.0
0.0
0.0
0.0
0.0
0.0
0.0
0.0
0.0
0.0
0.0006420092790510595
0.0
0.0
0.0006420092790510595
-0.00015424730984619063
-2.8298280797405085e-05
-0.00016438356539976215
-0.000397172768397353
-0.000372357780887603
0.0
-0.0001998978495224872
-0.00015616825329180646
-0.00012657713018021308
-0.00021907390717401754
0.0
-0.0001551078297593332
0.0005493604299043198
-7.305342770976964e-06
-0.0002599020729147553
0.0008580378380870518
-5.660932683697162e-06
-0.00041778614212434453
0.0005493604299043198
-7.305342770976964e-06
-0.0002599020729147553
0.0010771117452610692
-5.660932683697162e-06
-0.0002626783123650114
0.00039405848102802126
-7.305342770976964e-06
-0.00015769737136384808
0.00043663389836178337
-7.305342770976964e-06
-0.0001815106682176744
0.0003385393368470532
-2.1679435563167717e-05
-0.00017674570195252336
-0.005530019159122358
-0.0039124789195995584
-0.0031322743546678272
-0.0019447231039833829
-0.0020327983712894026
-0.00108575913457943
-6.846769880540987e-05
0.0
-4.912776226882354e-05
1.4146283958834614e-05
0.0
-7.67164250622523e-05
0.00029231388068177934
-7.305342770976964e-06
-0.00015882795555067857
0.0002781675967229447
-7.305342770976964e-06
-8.211153048842626e-05
0.0001429337189332621
0.0
-5.8298233634599944e-05
0.0001429337189332621
0.0
-5.8298233634599944e-05
-1.1269796230269692e-06
-8.963300916646074e-05
0.0
4.257541733376212e-05
0.0
-2.3813296853826318e-05
-6.9789176600875e-05
-6.220989416611023e-05
0.0
4.154006808116311e-05
0.0
-5.8298233634599944e-05
4.154006808116311e-05
0.0
-5.8298233634599944e-05
0.0
-5.2269673414641105e-05
0.0
0.0
0.0
0.0
0.0
0.0
0.0
0.0
0.0
0.0
0.0
0.0
0.0
0.0
0.0
0.0
0.0
0.0
0.0
0.0
0.0
0.0
0.0
0.0
0.0
0.0
0.0
0.0
0.0
0.0
0.0
0.0
0.0
0.0
0.0
0.0
0.0
0.0
0.0
0.0
0.0
0.0
0.0
0.0
0.0
0.0
0.0
0.0
0.0
0.0
0.0
0.0
0.0
0.0
0.0
0.0
0.0
0.0
0.0
0.0
0.0
0.0
0.0
0.0
0.0
0.0
0.0
0.0
0.0
0.0
0.0
0.0
0.0
0.0
0.0
0.0
0.0
0.0
0.0
0.0
0.0
0.0
0.0
0.0
0.0
0.0
0.0
0.0
0.0
0.0
0.0
0.0
0.0
0.0
0.0
0.0
0.0
0.0
0.0
0.0
0.0
0.0
0.0
0.0
0.0
0.0
0.0
0.0
0.0
0.0
0.0
0.0
0.0
0.0
0.0
0.0
0.0
0.0
0.0
0.0
0.0
0.0
0.0
0.0
0.0
0.0
0.0
0.0
0.0
0.0
0.0
0.0
0.0
0.0
0.0
0.0
0.0
0.0
0.0
0.0
0.0
0.0
0.0
0.0
0.0
0.0
0.0
0.0
0.0
0.0
0.0
0.0
0.0
0.0
0.0
0.0
0.0
0.0
0.0
0.0
0.0
0.0
0.0
0.0
0.0
0.0
0.0
0.0
0.0
0.0
0.0
0.0
0.0
0.0
0.0
0.0
0.0
0.0
0.0
0.0
0.0
0.0
0.0
0.0
0.0
0.0
0.0
0.0
0.0
0.0
0.0
0.0
0.0
0.0
0.0
0.0
0.0
0.0
0.0
0.0
0.0
0.0
0.0
0.0
0.0
0.0
0.0
0.0
0.0
0.0
0.0
0.0
0.0
0.0
0.0
0.0
0.0
0.0
0.0
0.0
0.0
0.0
0.0
0.0
0.0
0.0
0.0
0.0
0.0
0.0
0.0
0.0
0.0
0.0
0.0
0.0
0.0
0.0
0.0
0.0
0.0
0.0
0.0
0.0
0.0
0.0
0.0
0.0
0.0
0.0
0.0
0.0
0.0
0.0
0.0
0.0
0.0
0.0
0.0
0.0
0.0
0.0
0.0
0.0
0.0
0.0
0.0
0.0
0.0
0.0
0.0
0.0
0.0
0.0
0.0
0.0
0.0
0.0
0.0
0.0
0.0
0.0
0.0
0.0
0.0
0.0
0.0
0.0
0.0
0.0
0.0
0.0
0.0
0.0
0.0
0.0
0.0
0.0
0.0
0.0
0.0
0.0
0.0
0.0
0.0
0.0
0.0
0.0
0.0
0.0
0.0
0.0
0.0
0.0
0.0
0.0
0.0
0.0
0.0
0.0
0.0
0.0
0.0
0.0
0.0
0.0
0.0
0.0
0.0
0.0
0.0
0.0
0.0
0.0
0.0
0.0
0.0
0.0
0.0
0.0
0.0
0.0
0.0
0.0
0.0
0.0
0.0
0.0
0.0
0.0
0.0
0.0
0.0
0.0
0.0
0.0
0.0
0.0
0.0
0.0
0.0
0.0
0.0
0.0
0.0
0.0
0.0
0.0
0.0
0.0
0.0
0.0
0.0
0.0
0.0
0.0
0.0
0.0
0.0
0.0
0.0
0.0
0.0
0.0
0.0
0.0
0.0
0.0
0.0
0.0
0.0
0.0
0.0
0.0
0.0
0.0
0.0
0.0
0.0
0.0
0.0
0.0
0.0
0.0
0.0
0.0
0.0
0.0
0.0
0.0
0.0
0.0
0.0
0.0
0.0
0.0
0.0
0.0
0.0
0.0
0.0
0.0
0.0
0.0
0.0
0.0
0.0
0.0
0.0
0.0
0.0
0.0
0.0
0.0
0.0
0.0
0.0
0.0
0.0
0.0
0.0
0.0
0.0
0.0
0.0
0.0
0.0
0.0
0.0
0.0
0.0
0.0
0.0
0.0
0.0
0.0
0.0
0.0
0.0
0.0
0.0
0.0
0.0
0.0
0.0
0.0
0.0
0.0
0.0
0.0
0.0
0.0
0.0
0.0
0.0
0.0
0.0
0.0
0.0
0.0
0.0
0.0
0.0
0.0
0.0
0.0
0.0
0.0
0.0
0.0
0.0
0.0
0.0
0.0
0.0
0.0
0.0
0.0
0.0
0.0
0.0
0.0
0.0
0.0
0.0
0.0
0.0
0.0
0.0
0.0
0.0
0.0
0.0
0.0
0.0
0.0
0.0
0.0
0.0
0.0
0.0
0.0
0.0
0.0
0.0
0.0
0.0
0.0
0.0
0.0
0.0
0.0
0.0
0.0
0.0
0.0
0.0
0.0
0.0
0.0
0.0
0.0
0.0
0.0
0.0
0.0
0.0
0.0
0.0
0.0
0.0
0.0
0.0
0.0
0.0
0.0
0.0
0.0
0.0
0.0
0.0
0.0
0.0
0.0
0.0
0.0
0.0
0.0
0.0
0.0
0.0
0.0
0.0
0.0
0.0
0.0
0.0
0.0
0.0
0.0
0.0
0.0
0.0
0.0
0.0
0.0
0.0
0.0
0.0
0.0
0.0
0.0
0.0
0.0
0.0
0.0
0.0
0.0
0.0
0.0
0.0
0.0
0.0
0.0
0.0
0.0
0.0
0.0
0.0
0.0
0.0
0.0
0.0
0.0
0.0
0.0
0.0
0.0
0.0
0.0
0.0
0.0
0.0
0.0
0.0
0.0
0.0
0.0
0.0
0.0
0.0
0.0
0.0
0.0
0.0
0.0
0.0
0.0
0.0
0.0
0.0
0.0
0.0
0.0
0.0
0.0
0.0
0.0
0.0
0.0
0.0
0.0
0.0
0.0
0.0
0.0
0.0
0.0
0.0
0.0
0.0
0.0
0.0
0.0
0.0
0.0
0.0
0.0
0.0
0.0
0.0
0.0
0.0
0.0
0.0
0.0
0.0
0.0
0.0
0.0
0.0
0.0
0.0
0.0
0.0
0.0
0.0
0.0
0.0
0.0
0.0
0.0
0.0
0.0
0.0
0.0
0.0
0.0
0.0
0.0
0.0
0.0
0.0
0.0
0.0
0.0
0.0
0.0
0.0
0.0
0.0
0.0
0.0
0.0
0.0
0.0
0.0
0.0
0.0
0.0
0.0
0.0
0.0
0.0
0.0
0.0
0.0
0.0
0.0
0.0
0.0
0.0
0.0
0.0
0.0
0.0
0.0
0.0
0.0
0.0
0.0
0.0
0.0
0.0
0.0
0.0
0.0
0.0
0.0
0.0
0.0
0.0
0.0
0.0
0.0
0.0
0.0
0.0
0.0
0.0
0.0
0.0
0.0
0.0
0.0
0.0
0.0
0.0
0.0
0.0
0.0
0.0
0.0
0.0
0.0
0.0
0.0
0.0
0.0
0.0
0.0
0.0
0.0
0.0
0.0
0.0
0.0
0.0
0.0
0.0
0.0
0.0
0.0
0.0
0.0
0.0
0.0
0.0
0.0
0.0
0.0
0.0
0.0
0.0
0.0
0.0
0.0
0.0
0.0
0.0
0.0
0.0
0.0
0.0
0.0
0.0
0.0
0.0
0.0
0.0
0.0
0.0
0.0
0.0
0.0
0.0
0.0
0.0
0.0
0.0
0.0
0.0
0.0
0.0
0.0
0.0
0.0
0.0
0.0
0.0
0.0
0.0
0.0
0.0
0.0
0.0
0.0
0.0
0.0
0.0
0.0
0.0
0.0
0.0
0.0
0.0
0.0
0.0
0.0
0.0
0.0
0.0
0.0
0.0
0.0
0.0
0.0
0.0
0.0
0.0
0.0
0.0
0.0
0.0
0.0
0.0
0.0
0.0
0.0
0.0
0.0
0.0
0.0
0.0
0.0
0.0
0.0
0.0
0.0
0.0
0.0
0.0
0.0
0.0
0.0
0.0
0.0
0.0
0.0
0.0
0.0
0.0
0.0
0.0
0.0
0.0
0.0
0.0
0.0
0.0
0.0
0.0
0.0
0.0
0.0
0.0
0.0
0.0
0.0
0.0
0.0
0.0
0.0
0.0
0.0
0.0
0.0
0.0
0.0
0.0
0.0
0.0
0.0
0.0
0.0
0.0
0.0
0.0
0.0
0.0
0.0
0.0
0.0
0.0
0.0
0.0
0.0
0.0
0.0
0.0
0.0
0.0
0.0
0.0
0.0
0.0
0.0
0.0
0.0
0.0
0.0
0.0
0.0
0.0
0.0
0.0
0.0
0.0
0.0
0.0
0.0
0.0
0.0
0.0
0.0
0.0
0.0
0.0
0.0
0.0
0.0
0.0
0.0
0.0
0.0
0.0
0.0
0.0
0.0
0.0
0.0
0.0
0.0
0.0
0.0
0.0
0.0
0.0
0.0
0.0
0.0
0.0
0.0
0.0
0.0
0.0
0.0
0.0
0.0
0.0
0.0
0.0
0.0
0.0
0.0
0.0
0.0
0.0
0.0
0.0
0.0
0.0
0.0
0.0
0.0
0.0
0.0
0.0
0.0
0.0
0.0
0.0
0.0
0.0
0.0
0.0
0.0
0.0
0.0
0.0
0.0
0.0
0.0
0.0
0.0
0.0
0.0
0.0
0.0
0.0
0.0
0.0
0.0
0.0
0.0
0.0
0.0
0.0
0.0
0.0
0.0
0.0
0.0
0.0
0.0
0.0
0.0
0.0
0.0
0.0
0.0
0.0
0.0
0.0
0.0
0.0
0.0
0.0
0.0
0.0
0.0
0.0
0.0
0.0
0.0
0.0
0.0
0.0
0.0
0.0
0.0
0.0
0.0
0.0
0.0
0.0
0.0
0.0
0.0
0.0
0.0
0.0
0.0
0.0
0.0
0.0
0.0
0.0
0.0
0.0
0.0
0.0
0.0
0.0
0.0
0.0
0.0
0.0
0.0
0.0
0.0
0.0
0.0
0.0
0.0
0.0
0.0
0.0
0.0
0.0
0.0
0.0
0.0
0.0
0.0
0.0
0.0
0.0
0.0
0.0
0.0
0.0
0.0
0.0
0.0
0.0
0.0
0.0
0.0
0.0
0.0
0.0
0.0
0.0
0.0
0.0
0.0
0.0
0.0
0.0
0.0
0.0
0.0
0.0
0.0
0.0
0.0
0.0
0.0
0.0
0.0
0.0
0.0
0.0
0.0
0.0
0.0
0.0
0.0
0.0
0.0
0.0
0.0
0.0
0.0
0.0
0.0
0.0
0.0
0.0
0.0
0.0
0.0
0.0
0.0
0.0
0.0
0.0
0.0
0.0
0.0
0.0
0.0
0.0
0.0
0.0
0.0
0.0
0.0
0.0
0.0
0.0
0.0
0.0
0.0
0.0
0.0
0.0
0.0
0.0
0.0
0.0
0.0
0.0
0.0
0.0
0.0
0.0
0.0
0.0
0.0
0.0
0.0
0.0
0.0
0.0
0.0
0.0
0.0
0.0
0.0
0.0
0.0
0.0
0.0
0.0
0.0
0.0
0.0
0.0
0.0
0.0
0.0
0.0
0.0
0.0
0.0
0.0
0.0
0.0
0.0
0.0
0.0
0.0
0.0
0.0
0.0
0.0
0.0
0.0
0.0
0.0
0.0
0.0
0.0
0.0
0.0
0.0
0.0
0.0
0.0
0.0
0.0
0.0
0.0
0.0
0.0
0.0
0.0
0.0
0.0
0.0
0.0
0.0
0.0
0.0
0.0
0.0
0.0
0.0
0.0
0.0
0.0
0.0
0.0
0.0
0.0
0.0
0.0
0.0
0.0
0.0
0.0
0.0
0.0
0.0
0.0
0.0
0.0
0.0
0.0
0.0
0.0
0.0
0.0
0.0
0.0
0.0
0.0
0.0
0.0
0.0
0.0
0.0
0.0
0.0
0.0
0.0
0.0
0.0
0.0
0.0
0.0
0.0
0.0
0.0
0.0
0.0
0.0
0.0
0.0
0.0
0.0
0.0
0.0
0.0
0.0
0.0
0.0
0.0
0.0
0.0
0.0
0.0
0.0
0.0
0.0
0.0
0.0
0.0
0.0
0.0
0.0
0.0
0.0
0.0
0.0
0.0
0.0
0.0
0.0
0.0
0.0
0.0
0.0
0.0
0.0
0.0
0.0
0.0
0.0
0.0
0.0
0.0
0.0
0.0
0.0
0.0
0.0
0.0
0.0
0.0
0.0
0.0
0.0
0.0
0.0
0.0
0.0
0.0
0.0
0.0
0.0
0.0
0.0
0.0
0.0
0.0
0.0
0.0
0.0
0.0
0.0
0.0
0.0
0.0
0.0
0.0
0.0
0.0
0.0
0.0
0.0
0.0
0.0
0.0
0.0
0.0
0.0
0.0
0.0
0.0
0.0
0.0
0.0
0.0
0.0
0.0
0.0
0.0
0.0
0.0
0.0
0.0
0.0
0.0
0.0
0.0
0.0
0.0
0.0
0.0
0.0
0.0
0.0
0.0
0.0
0.0
0.0
0.0
0.0
0.0
0.0
0.0
0.0
0.0
0.0
0.0
0.0
0.0
0.0
0.0
0.0
0.0
0.0
0.0
0.0
0.0
0.0
0.0
0.0
0.0
0.0
0.0
0.0
0.0
0.0
0.0
0.0
0.0
0.0
0.0
0.0
0.0
0.0
0.0
0.0
0.0
0.0
0.0
0.0
0.0
0.0
0.0
0.0
0.0
0.0
0.0
0.0
0.0
0.0
0.0
0.0
0.0
0.0
0.0
0.0
0.0
0.0
0.0
0.0
0.0
0.0
0.0
0.0
0.0
0.0
0.0
0.0
0.0
0.0
0.0
0.0
0.0
0.0
0.0
0.0
0.0
0.0
0.0
0.0
0.0
0.0
0.0
0.0
0.0
0.0
0.0
0.0
0.0
0.0
0.0
0.0
0.0
0.0
0.0
0.0
0.0
0.0
0.0
0.0
0.0
0.0
0.0
0.0
0.0
0.0
0.0
0.0
0.0
0.0
0.0
0.0
0.0
0.0
0.0
0.0
0.0
0.0
0.0
0.0
0.0
0.0
0.0
0.0
0.0
0.0
0.0
0.0
0.0
0.0
0.0
0.0
0.0
0.0
0.0
0.0
0.0
0.0
0.0
0.0
0.0
0.0
0.0
0.0
0.0
0.0
0.0
0.0
0.0
0.0
0.0
0.0
0.0
0.0
0.0
0.0
0.0
0.0
0.0
0.0
0.0
0.0
0.0
0.0
0.0
0.0
0.0
0.0
0.0
0.0
0.0
0.0
0.0
0.0
0.0
0.0
0.0
0.0
0.0
0.0
0.0
0.0
0.0
0.0
0.0
0.0
0.0
0.0
0.0
0.0
0.0
0.0
0.0
0.0
0.0
0.0
0.0
0.0
0.0
0.0
0.0
0.0
0.0
0.0
0.0
0.0
0.0
0.0
0.0
0.0
0.0
0.0
0.0
0.0
0.0
0.0
0.0
0.0
0.0
0.0
0.0
0.0
0.0
0.0
0.0
0.0
0.0
0.0
0.0
0.0
0.0
0.0
0.0
0.0
0.0
0.0
0.0
0.0
0.0
0.0
0.0
0.0
0.0
0.0
0.0
0.0
0.0
0.0
0.0
0.0
0.0
0.0
0.0
0.0
0.0
0.0
0.0
0.0
0.0
0.0
0.0
0.0
0.0
0.0
0.0
0.0
0.0
0.0
0.0
0.0
0.0
0.0
0.0
0.0
0.0
0.0
0.0
0.0
0.0
0.0
0.0
0.0
0.0
0.0
0.0
0.0
0.0
0.0
0.0
0.0
0.0
0.0
0.0
0.0
0.0
0.0
0.0
0.0
0.0
0.0
0.0
0.0
0.0
0.0
0.0
0.0
0.0
0.0
0.0
0.0
0.0
0.0
0.0
0.0
0.0
0.0
0.0
0.0
0.0
0.0
0.0
0.0
0.0
0.0
0.0
0.0
0.0
0.0
0.0
0.0
0.0
0.0
0.0
0.0
0.0
0.0
0.0
0.0
0.0
0.0
0.0
0.0
0.0
0.0
0.0
0.0
0.0
0.0
0.0
0.0
0.0
0.0
0.0
0.0
0.0
0.0
0.0
0.0
0.0
0.0
0.0
0.0
0.0
0.0
0.0
0.0
0.0
0.0
0.0
0.0
0.0
0.0
0.0
0.0
0.0
0.0
0.0
0.0
0.0
0.0
0.0
0.0
0.0
0.0
0.0
0.0
0.0
0.0
0.0
0.0
0.0
0.0
0.0
0.0
0.0
0.0
0.0
0.0
0.0
0.0
0.0
0.0
0.0
0.0
0.0
0.0
0.0
0.0
0.0
0.0
0.0
0.0
0.0
0.0
0.0
0.0
0.0
0.0
0.0
0.0
0.0
0.0
0.0
0.0
0.0
0.0
0.0
0.0
0.0
0.0
0.0
0.0
0.0
0.0
0.0
0.0
0.0
0.0
0.0
0.0
0.0
0.0
0.0
0.0
0.0
0.0
0.0
0.0
0.0
0.0
0.0
0.0
0.0
0.0
0.0
0.0
0.0
0.0
0.0
0.0
0.0
0.0
0.0
0.0
0.0
0.0
0.0
0.0
0.0
0.0
0.0
0.0
0.0
0.0
0.0
0.0
0.0
0.0
0.0
0.0
0.0
0.0
0.0
0.0
0.0
0.0
0.0
0.0
0.0
0.0
0.0
0.0
0.0
0.0
0.0
0.0
0.0
0.0
0.0
0.0
0.0
0.0
0.0
0.0
0.0
0.0
0.0
0.0
0.0
0.0
0.0
0.0
0.0
0.0
0.0
0.0
0.0
0.0
0.0
0.0
0.0
0.0
0.0
0.0
0.0
0.0
0.0
0.0
0.0
0.0
0.0
0.0
0.0
0.0
0.0
0.0
0.0
0.0
0.0
0.0
0.0
0.0
0.0
0.0
0.0
0.0
0.0
0.0
0.0
0.0
0.0
0.0
0.0
0.0
0.0
0.0
0.0
0.0
0.0
0.0
0.0
0.0
0.0
0.0
0.0
0.0
0.0
0.0
0.0
0.0
0.0
0.0
0.0
0.0
0.0
0.0
0.0
0.0
0.0
0.0
0.0
0.0
0.0
0.0
0.0
0.0
0.0
0.0
0.0
0.0
0.0
0.0
0.0
0.0
0.0
0.0
0.0
0.0
0.0
0.0
0.0
0.0
0.0
0.0
0.0
0.0
0.0
0.0
0.0
0.0
0.0
0.0
0.0
0.0
0.0
0.0
0.0
0.0
0.0
0.0
0.0
0.0
0.0
0.0
0.0
0.0
0.0
0.0
0.0
0.0
0.0
0.0
0.0
0.0
0.0
0.0
0.0
0.0
0.0
0.0
0.0
0.0
0.0
0.0
0.0
0.0
0.0
0.0
0.0
0.0
0.0
0.0
0.0
0.0
0.0
0.0
0.0
0.0
0.0
0.0
0.0
0.0
0.0
0.0
0.0
0.0
0.0
0.0
0.0
0.0
0.0
0.0
0.0
0.0
0.0
0.0
0.0
0.0
0.0
0.0
0.0
0.0
0.0
0.0
0.0
0.0
0.0
0.0
0.0
0.0
0.0
0.0
0.0
0.0
0.0
0.0
0.0
0.0
0.0
0.0
0.0
0.0
0.0
0.0
0.0
0.0
0.0
0.0
0.0
0.0
0.0
0.0
0.0
0.0
0.0
0.0
0.0
0.0
0.0
0.0
0.0
0.0
0.0
0.0
0.0
0.0
0.0
0.0
0.0
0.0
0.0
0.0
0.0
0.0
0.0
0.0
0.0
0.0
0.0
0.0
0.0
0.0
0.0
0.0
0.0
0.0
0.0
0.0
0.0
0.0
0.0
0.0
0.0
0.0
0.0
0.0
0.0
0.0
0.0
0.0
0.0
0.0
0.0
0.0
0.0
0.0
0.0
0.0
0.0
0.0
0.0
0.0
0.0
0.0
0.0
0.0
0.0
0.0
0.0
0.0
0.0
0.0
0.0
0.0
0.0
0.0
0.0
0.0
0.0
0.0
0.0
0.0
0.0
0.0
0.0
0.0
0.0
0.0
0.0
0.0
0.0
0.0
0.0
0.0
0.0
0.0
0.0
0.0
0.0
0.0
0.0
0.0
0.0
0.0
0.0
0.0
0.0
0.0
0.0
0.0
0.0
0.0
0.0
0.0
0.0
0.0
0.0
0.0
0.0
0.0
0.0
0.0
0.0
0.0
0.0
0.0
0.0
0.0
0.0
0.0
0.0
0.0
0.0
0.0
0.0
0.0
0.0
0.0
0.0
0.0
0.0
0.0
0.0
0.0
0.0
0.0
0.0
0.0
0.0
0.0
0.0
0.0
0.0
0.0
0.0
0.0
0.0
0.0
0.0
0.0
0.0
0.0
0.0
0.0
0.0
0.0
0.0
0.0
0.0
0.0
0.0
0.0
0.0
0.0
0.0
0.0
0.0
0.0
0.0
0.0
0.0
0.0
0.0
0.0
0.0
0.0
0.0
0.0
0.0
0.0
0.0
0.0
0.0
0.0
0.0
0.0
0.0
0.0
0.0
0.0
0.0
0.0
0.0
0.0
0.0
0.0
0.0
0.0
0.0
0.0
0.0
0.0
0.0
0.0
0.0
0.0
0.0
0.0
0.0
0.0
0.0
0.0
0.0
0.0
0.0
0.0
0.0
0.0
0.0
0.0
0.0
0.0
0.0
0.0
0.0
0.0
0.0
0.0
0.0
0.0
0.0
0.0
0.0
0.0
0.0
0.0
0.0
0.0
0.0
0.0
0.0
0.0
0.0
0.0
0.0
0.0
0.0
0.0
0.0
0.0
0.0
0.0
0.0
0.0
0.0
0.0
0.0
0.0
0.0
0.0
0.0
0.0
0.0
0.0
0.0
0.0
0.0
0.0
0.0
0.0
0.0
0.0
0.0
0.0
0.0
0.0
0.0
0.0
0.0
0.0
0.0
0.0
0.0
0.0
0.0
0.0
0.0
0.0
0.0
0.0
0.0
0.0
0.0
0.0
0.0
0.0
0.0
0.0
0.0
0.0
0.0
0.0
0.0
0.0
0.0
0.0
0.0
0.0
0.0
0.0
0.0
0.0
0.0
0.0
0.0
0.0
0.0
0.0
0.0
0.0
0.0
0.0
0.0
0.0
0.0
0.0
0.0
0.0
0.0
0.0
0.0
0.0
0.0
0.0
0.0
0.0
0.0
0.0
0.0
0.0
0.0
0.0
0.0
0.0
0.0
0.0
0.0
0.0
0.0
0.0
0.0
0.0
0.0
0.0
0.0
0.0
0.0
0.0
0.0
0.0
0.0
0.0
0.0
0.0
0.0
0.0
0.0
0.0
0.0
0.0
0.0
0.0
0.0
0.0
0.0
0.0
0.0
0.0
0.0
0.0
0.0
0.0
0.0
0.0
0.0
0.0
0.0
0.0
0.0
0.0
0.0
0.0
0.0
0.0
0.0
0.0
0.0
0.0
0.0
0.0
0.0
0.0
0.0
0.0
0.0
0.0
0.0
0.0
0.0
0.0
0.0
0.0
0.0
0.0
0.0
0.0
0.0
0.0
0.0
0.0
0.0
0.0
0.0
0.0
0.0
0.0
0.0
0.0
0.0
0.0
0.0
0.0
0.0
0.0
0.0
0.0
0.0
0.0
0.0
0.0
0.0
0.0
0.0
0.0
0.0
0.0
0.0
0.0
0.0
0.0
0.0
0.0
0.0
0.0
0.0
0.0
0.0
0.0
0.0
0.0
0.0
0.0
0.0
0.0
0.0
0.0
0.0
0.0
0.0
0.0
0.0
0.0
0.0
0.0
0.0
0.0
0.0
0.0
0.0
0.0
0.0
0.0
0.0
0.0
0.0
0.0
0.0
0.0
0.0
0.0
0.0
0.0
0.0
0.0
0.0
0.0
0.0
0.0
0.0
0.0
0.0
0.0
0.0
0.0
0.0
0.0
0.0
0.0
0.0
0.0
0.0
0.0
0.0
0.0
0.0
0.0
0.0
0.0
0.0
0.0
0.0
0.0
0.0
0.0
0.0
0.0
0.0
0.0
0.0
0.0
0.0
0.0
0.0
0.0
0.0
0.0
0.0
0.0
0.0
0.0
0.0
0.0
0.0
0.0
0.0
0.0
0.0
0.0
0.0
0.0
0.0
0.0
0.0
0.0
0.0
0.0
0.0
0.0
0.0
0.0
0.0
0.0
0.0
0.0
0.0
0.0
0.0
0.0
0.0
0.0
0.0
0.0
0.0
0.0
0.0
0.0
0.0
0.0
0.0
0.0
0.0
0.0
0.0
0.0
0.0
0.0
0.0
0.0
0.0
0.0
0.0
0.0
0.0
0.0
0.0
0.0
0.0
0.0
0.0
0.0
0.0
0.0
0.0
0.0
0.0
0.0
0.0
0.0
0.0
0.0
0.0
0.0
0.0
0.0
0.0
0.0
0.0
0.0
0.0
0.0
0.0
0.0
0.0
0.0
0.0
0.0
0.0
0.0
0.0
0.0
0.0
0.0
0.0
0.0
0.0
0.0
0.0
0.0
0.0
0.0
0.0
0.0
0.0
0.0
0.0
0.0
0.0
0.0
0.0
0.0
0.0
0.0
0.0
0.0
0.0
0.0
0.0
0.0
0.0
0.0
0.0
0.0
0.0
0.0
0.0
0.0
0.0
0.0
0.0
0.0
0.0
0.0
0.0
0.0
0.0
0.0
0.0
0.0
0.0
0.0
0.0
0.0
0.0
0.0
0.0
0.0
0.0
0.0
0.0
0.0
0.0
0.0
0.0
0.0
0.0
0.0
0.0
0.0
0.0
0.0
0.0
0.0
0.0
0.0
0.0
0.0
0.0
0.0
0.0
0.0
0.0
0.0
0.0
0.0
0.0
0.0
0.0
0.0
0.0
0.0
0.0
0.0
0.0
0.0
0.0
0.0
0.0
0.0
0.0
0.0
0.0
0.0
0.0
0.0
0.0
0.0
0.0
0.0
0.0
0.0
0.0
0.0
0.0
0.0
0.0
0.0
0.0
0.0
0.0
0.0
0.0
0.0
0.0
0.0
0.0
0.0
0.0
0.0
0.0
0.0
0.0
0.0
0.0
0.0
0.0
0.0
0.0
0.0
0.0
0.0
0.0
0.0
0.0
0.0
0.0
0.0
0.0
0.0
0.0
0.0
0.0
0.0
0.0
0.0
0.0
0.0
0.0
0.0
0.0
0.0
0.0
0.0
0.0
0.0
0.0
0.0
0.0
0.0
0.0
0.0
0.0
0.0
0.0
0.0
0.0
0.0
0.0
0.0
0.0
0.0
0.0
0.0
0.0
0.0
0.0
0.0
0.0
0.0
0.0
0.0
0.0
0.0
0.0
0.0
0.0
0.0
0.0
0.0
0.0
0.0
0.0
0.0
0.0
0.0
0.0
0.0
0.0
0.0
0.0
0.0
0.0
0.0
0.0
0.0
0.0
0.0
0.0
0.0
0.0
0.0
0.0
0.0
0.0
0.0
0.0
0.0
0.0
0.0
0.0
0.0
0.0
0.0
0.0
0.0
0.0
0.0
0.0
0.0
0.0
0.0
0.0
0.0
0.0
0.0
0.0
0.0
0.0
0.0
0.0
0.0
0.0
0.0
0.0
0.0
0.0
0.0
0.0
0.0
0.0
0.0
0.0
0.0
0.0
0.0
0.0
0.0
0.0
0.0
0.0
0.0
0.0
0.0
0.0
0.0
0.0
0.0
0.0
0.0
0.0
0.0
0.0
0.0
0.0
0.0
0.0
0.0
0.0
0.0
0.0
0.0
0.0
0.0
0.0
0.0
0.0
0.0
0.0
0.0
0.0
0.0
0.0
0.0
0.0
0.0
0.0
0.0
0.0
0.0
0.0
0.0
0.0
0.0
0.0
0.0
0.0
0.0
0.0
0.0
0.0
0.0
0.0
0.0
0.0
0.0
0.0
0.0
0.0
0.0
0.0
0.0
0.0
0.0
0.0
0.0
0.0
0.0
0.0
0.0
0.0
0.0
0.0
0.0
0.0
0.0
0.0
0.0
0.0
0.0
0.0
0.0
0.0
0.0
0.0
0.0
0.0
0.0
0.0
0.0
0.0
0.0
0.0
0.0
0.0
0.0
0.0
0.0
0.0
0.0
0.0
0.0
0.0
0.0
0.0
0.0
0.0
0.0
0.0
0.0
0.0
0.0
0.0
0.0
0.0
0.0
0.0
0.0
0.0
0.0
0.0
0.0
0.0
0.0
0.0
0.0
0.0
0.0
0.0
0.0
0.0
0.0
0.0
0.0
0.0
0.0
0.0
0.0
0.0
0.0
0.0
0.0
0.0
0.0
0.0
0.0
0.0
0.0
0.0
0.0
0.0
0.0
0.0
0.0
0.0
0.0
0.0
0.0
0.0
0.0
0.0
0.0
0.0
0.0
0.0
0.0
0.0
0.0
0.0
0.0
0.0
0.0
0.0
0.0
0.0
0.0
0.0
0.0
0.0
0.0
0.0
0.0
0.0
0.0
0.0
0.0
0.0
0.0
0.0
0.0
0.0
0.0
0.0
0.0
0.0
0.0
0.0
0.0
0.0
0.0
0.0
0.0
0.0
0.0
0.0
0.0
0.0
0.0
0.0
0.0
0.0
0.0
0.0
0.0
0.0
0.0
0.0
0.0
0.0
0.0
0.0
0.0
0.0
0.0
0.0
0.0
0.0
0.0
0.0
0.0
0.0
0.0
0.0
0.0
0.0
0.0
0.0
0.0
0.0
0.0
0.0
0.0
0.0
0.0
0.0
0.0
0.0
0.0
0.0
0.0
0.0
0.0
0.0
0.0
0.0
0.0
0.0
0.0
0.0
0.0
0.0
0.0
0.0
0.0
0.0
0.0
0.0
0.0
0.0
0.0
0.0
0.0
0.0
0.0
0.0
0.0
0.0
0.0
0.0
0.0
0.0
0.0
0.0
0.0
0.0
0.0
0.0
0.0
0.0
0.0
0.0
0.0
0.0
0.0
0.0
0.0
0.0
0.0
0.0
0.0
0.0
0.0
0.0
0.0
0.0
0.0
0.0
0.0
0.0
0.0
0.0
0.0
0.0
0.0
0.0
0.0
0.0
0.0
0.0
0.0
0.0
0.0
0.0
0.0
0.0
0.0
0.0
0.0
0.0
0.0
0.0
0.0
0.0
0.0
0.0
0.0
0.0
0.0
0.0
0.0
0.0
0.0
0.0
0.0
0.0
0.0
0.0
0.0
0.0
0.0
0.0
0.0
0.0
0.0
0.0
0.0
0.0
0.0
0.0
0.0
0.0
0.0
0.0
0.0
0.0
0.0
0.0
0.0
0.0
0.0
0.0
0.0
0.0
0.0
0.0
0.0
0.0
0.0
0.0
0.0
0.0
0.0
0.0
0.0
0.0
0.0
0.0
0.0
0.0
0.0
0.0
0.0
0.0
0.0
0.0
0.0
0.0
0.0
0.0
0.0
0.0
0.0
0.0
0.0
0.0
0.0
0.0
0.0
0.0
0.0
0.0
0.0
0.0
0.0
0.0
0.0
0.0
0.0
0.0
0.0
0.0
0.0
0.0
0.0
0.0
0.0
0.0
0.0
0.0
0.0
0.0
0.0
0.0
0.0
0.0
0.0
0.0
0.0
0.0
0.0
0.0
0.0
0.0
0.0
0.0
0.0
0.0
0.0
0.0
0.0
0.0
0.0
0.0
0.0
0.0
0.0
0.0
0.0
0.0
0.0
0.0
0.0
0.0
0.0
0.0
0.0
0.0
0.0
0.0
0.0
0.0
0.0
0.0
0.0
0.0
0.0
0.0
0.0
0.0
0.0
0.0
0.0
0.0
0.0
0.0
